Determining if the pthread_create exist failed with the following output:
Change Dir: /home/gridteam/workplace/TetWild/cmake/CMakeFiles/CMakeTmp

Run Build Command:"/usr/bin/make" "cmTC_82d8f/fast"
/usr/bin/make -f CMakeFiles/cmTC_82d8f.dir/build.make CMakeFiles/cmTC_82d8f.dir/build
make[1]: 进入目录“/home/gridteam/workplace/TetWild/cmake/CMakeFiles/CMakeTmp”
Building C object CMakeFiles/cmTC_82d8f.dir/CheckSymbolExists.c.o
/usr/bin/cc   -fdiagnostics-color=always -fPIC  -fPIE   -o CMakeFiles/cmTC_82d8f.dir/CheckSymbolExists.c.o   -c /home/gridteam/workplace/TetWild/cmake/CMakeFiles/CMakeTmp/CheckSymbolExists.c
Linking C executable cmTC_82d8f
/usr/bin/cmake -E cmake_link_script CMakeFiles/cmTC_82d8f.dir/link.txt --verbose=1
/usr/bin/cc  -fdiagnostics-color=always -fPIC     -rdynamic CMakeFiles/cmTC_82d8f.dir/CheckSymbolExists.c.o  -o cmTC_82d8f 
CMakeFiles/cmTC_82d8f.dir/CheckSymbolExists.c.o：在函数‘main’中：
CheckSymbolExists.c:(.text+0x1b)：对‘pthread_create’未定义的引用
collect2: error: ld returned 1 exit status
CMakeFiles/cmTC_82d8f.dir/build.make:97: recipe for target 'cmTC_82d8f' failed
make[1]: *** [cmTC_82d8f] Error 1
make[1]: 离开目录“/home/gridteam/workplace/TetWild/cmake/CMakeFiles/CMakeTmp”
Makefile:126: recipe for target 'cmTC_82d8f/fast' failed
make: *** [cmTC_82d8f/fast] Error 2

File /home/gridteam/workplace/TetWild/cmake/CMakeFiles/CMakeTmp/CheckSymbolExists.c:
/* */
#include <pthread.h>

int main(int argc, char** argv)
{
  (void)argv;
#ifndef pthread_create
  return ((int*)(&pthread_create))[argc];
#else
  (void)argc;
  return 0;
#endif
}

Determining if the function pthread_create exists in the pthreads failed with the following output:
Change Dir: /home/gridteam/workplace/TetWild/cmake/CMakeFiles/CMakeTmp

Run Build Command:"/usr/bin/make" "cmTC_521c0/fast"
/usr/bin/make -f CMakeFiles/cmTC_521c0.dir/build.make CMakeFiles/cmTC_521c0.dir/build
make[1]: 进入目录“/home/gridteam/workplace/TetWild/cmake/CMakeFiles/CMakeTmp”
Building C object CMakeFiles/cmTC_521c0.dir/CheckFunctionExists.c.o
/usr/bin/cc   -fdiagnostics-color=always -fPIC -DCHECK_FUNCTION_EXISTS=pthread_create -fPIE   -o CMakeFiles/cmTC_521c0.dir/CheckFunctionExists.c.o   -c /usr/share/cmake-3.10/Modules/CheckFunctionExists.c
Linking C executable cmTC_521c0
/usr/bin/cmake -E cmake_link_script CMakeFiles/cmTC_521c0.dir/link.txt --verbose=1
/usr/bin/cc  -fdiagnostics-color=always -fPIC -DCHECK_FUNCTION_EXISTS=pthread_create    -rdynamic CMakeFiles/cmTC_521c0.dir/CheckFunctionExists.c.o  -o cmTC_521c0 -lpthreads 
/usr/bin/ld: 找不到 -lpthreads
collect2: error: ld returned 1 exit status
CMakeFiles/cmTC_521c0.dir/build.make:97: recipe for target 'cmTC_521c0' failed
make[1]: *** [cmTC_521c0] Error 1
make[1]: 离开目录“/home/gridteam/workplace/TetWild/cmake/CMakeFiles/CMakeTmp”
Makefile:126: recipe for target 'cmTC_521c0/fast' failed
make: *** [cmTC_521c0/fast] Error 2


